SF:lib\models\food_item_model.dart
DA:16,4
DA:23,1
DA:30,1
DA:31,1
DA:32,1
DA:33,1
DA:34,0
DA:38,2
DA:39,2
DA:40,2
DA:41,4
DA:42,4
DA:43,4
DA:44,2
DA:48,2
DA:49,2
DA:50,2
DA:51,2
DA:52,2
DA:53,2
DA:57,0
DA:59,0
DA:61,1
DA:64,1
DA:65,3
DA:66,0
DA:67,0
DA:68,0
DA:71,2
DA:72,10
DA:80,0
DA:81,0
DA:84,0
DA:86,0
DA:88,0
DA:90,0
DA:93,0
DA:94,0
DA:96,0
DA:97,0
DA:99,0
DA:100,0
DA:103,0
DA:104,0
DA:105,0
DA:107,0
DA:108,0
DA:110,0
DA:114,0
DA:117,0
DA:118,0
DA:119,0
DA:120,0
DA:122,0
DA:123,0
DA:125,0
DA:130,0
DA:133,0
DA:134,0
DA:135,0
DA:136,0
DA:138,0
DA:145,0
DA:148,0
DA:149,0
DA:154,0
DA:156,0
DA:160,0
DA:164,0
LF:69
LH:24
end_of_record
SF:lib\models\meal_model.dart
DA:10,1
DA:18,1
DA:25,1
DA:26,0
DA:27,1
DA:28,1
DA:29,0
DA:30,1
DA:34,1
DA:35,1
DA:36,1
DA:37,2
DA:38,3
DA:39,0
DA:41,2
DA:42,2
DA:43,1
DA:44,2
DA:45,1
DA:49,1
DA:50,1
DA:51,1
DA:52,2
DA:53,5
DA:54,1
DA:55,1
DA:59,0
DA:61,0
DA:63,1
DA:66,1
DA:67,3
DA:68,3
DA:69,3
DA:70,3
DA:71,3
DA:74,1
DA:76,7
DA:78,1
DA:80,0
DA:81,0
DA:82,0
DA:88,0
DA:92,0
LF:43
LH:33
end_of_record
